2022-03-22 15:27:38,367 - Velocimacro : allowInlineLocal = false : VMs defined inline will be  global in scope if allowed.
2022-03-22 15:27:38,367 - Velocimacro : messages on  : VM system will output logging messages
2022-03-22 15:27:38,367 - Velocimacro : autoload off  : VM system will not automatically reload global library macros
2022-03-22 15:27:38,367 - Velocimacro : initialization complete.
2022-03-22 15:27:38,367 - Velocity successfully started.
2022-03-22 15:28:14,335 - SimpleLog4JLogSystem initialized using logfile 'velocity.log'
2022-03-22 15:28:14,335 - ************************************************************** 
2022-03-22 15:28:14,335 - Starting Jakarta Velocity v1.4
2022-03-22 15:28:14,335 - RuntimeInstance initializing.
2022-03-22 15:28:14,335 - Default Properties File: org/apache/velocity/runtime/defaults/velocity.properties
2022-03-22 15:28:14,335 - Trying to use logger class org.apache.velocity.runtime.log.SimpleLog4JLogSystem
2022-03-22 15:28:14,335 - Using logger class org.apache.velocity.runtime.log.SimpleLog4JLogSystem
2022-03-22 15:28:14,336 - Default ResourceManager initializing. (class org.apache.velocity.runtime.resource.ResourceManagerImpl)
2022-03-22 15:28:14,337 - Resource Loader Instantiated: org.apache.velocity.runtime.resource.loader.ClasspathResourceLoader
2022-03-22 15:28:14,337 - ClasspathResourceLoader : initialization starting.
2022-03-22 15:28:14,337 - ClasspathResourceLoader : initialization complete.
2022-03-22 15:28:14,338 - ResourceCache : initialized. (class org.apache.velocity.runtime.resource.ResourceCacheImpl)
2022-03-22 15:28:14,338 - Default ResourceManager initialization complete.
2022-03-22 15:28:14,339 - Loaded System Directive: org.apache.velocity.runtime.directive.Literal
2022-03-22 15:28:14,339 - Loaded System Directive: org.apache.velocity.runtime.directive.Macro
2022-03-22 15:28:14,340 - Loaded System Directive: org.apache.velocity.runtime.directive.Parse
2022-03-22 15:28:14,341 - Loaded System Directive: org.apache.velocity.runtime.directive.Include
2022-03-22 15:28:14,341 - Loaded System Directive: org.apache.velocity.runtime.directive.Foreach
2022-03-22 15:28:14,354 - Created: 20 parsers.
2022-03-22 15:28:14,356 - Velocimacro : initialization starting.
2022-03-22 15:28:14,356 - Velocimacro : adding VMs from VM library template : VM_global_library.vm
2022-03-22 15:28:14,357 - ResourceManager : unable to find resource 'VM_global_library.vm' in any resource loader.
2022-03-22 15:28:14,357 - Velocimacro : error using  VM library template VM_global_library.vm : org.apache.velocity.exception.ResourceNotFoundException: Unable to find resource 'VM_global_library.vm'
2022-03-22 15:28:14,357 - Velocimacro :  VM library template macro registration complete.
2022-03-22 15:28:14,357 - Velocimacro : allowInline = true : VMs can be defined inline in templates
2022-03-22 15:28:14,357 - Velocimacro : allowInlineToOverride = false : VMs defined inline may NOT replace previous VM definitions
2022-03-22 15:28:14,357 - Velocimacro : allowInlineLocal = false : VMs defined inline will be  global in scope if allowed.
2022-03-22 15:28:14,357 - Velocimacro : messages on  : VM system will output logging messages
2022-03-22 15:28:14,357 - Velocimacro : autoload off  : VM system will not automatically reload global library macros
2022-03-22 15:28:14,357 - Velocimacro : initialization complete.
2022-03-22 15:28:14,357 - Velocity successfully started.
2022-03-22 15:33:08,252 - SimpleLog4JLogSystem initialized using logfile 'velocity.log'
2022-03-22 15:33:08,252 - ************************************************************** 
2022-03-22 15:33:08,252 - Starting Jakarta Velocity v1.4
2022-03-22 15:33:08,252 - RuntimeInstance initializing.
2022-03-22 15:33:08,252 - Default Properties File: org/apache/velocity/runtime/defaults/velocity.properties
2022-03-22 15:33:08,252 - Trying to use logger class org.apache.velocity.runtime.log.SimpleLog4JLogSystem
2022-03-22 15:33:08,252 - Using logger class org.apache.velocity.runtime.log.SimpleLog4JLogSystem
2022-03-22 15:33:08,253 - Default ResourceManager initializing. (class org.apache.velocity.runtime.resource.ResourceManagerImpl)
2022-03-22 15:33:08,279 - Resource Loader Instantiated: org.apache.velocity.runtime.resource.loader.ClasspathResourceLoader
2022-03-22 15:33:08,279 - ClasspathResourceLoader : initialization starting.
2022-03-22 15:33:08,279 - ClasspathResourceLoader : initialization complete.
2022-03-22 15:33:08,280 - ResourceCache : initialized. (class org.apache.velocity.runtime.resource.ResourceCacheImpl)
2022-03-22 15:33:08,280 - Default ResourceManager initialization complete.
2022-03-22 15:33:08,281 - Loaded System Directive: org.apache.velocity.runtime.directive.Literal
2022-03-22 15:33:08,281 - Loaded System Directive: org.apache.velocity.runtime.directive.Macro
2022-03-22 15:33:08,282 - Loaded System Directive: org.apache.velocity.runtime.directive.Parse
2022-03-22 15:33:08,283 - Loaded System Directive: org.apache.velocity.runtime.directive.Include
2022-03-22 15:33:08,283 - Loaded System Directive: org.apache.velocity.runtime.directive.Foreach
2022-03-22 15:33:08,294 - Created: 20 parsers.
2022-03-22 15:33:08,296 - Velocimacro : initialization starting.
2022-03-22 15:33:08,296 - Velocimacro : adding VMs from VM library template : VM_global_library.vm
2022-03-22 15:33:08,297 - ResourceManager : unable to find resource 'VM_global_library.vm' in any resource loader.
2022-03-22 15:33:08,297 - Velocimacro : error using  VM library template VM_global_library.vm : org.apache.velocity.exception.ResourceNotFoundException: Unable to find resource 'VM_global_library.vm'
2022-03-22 15:33:08,297 - Velocimacro :  VM library template macro registration complete.
2022-03-22 15:33:08,297 - Velocimacro : allowInline = true : VMs can be defined inline in templates
2022-03-22 15:33:08,297 - Velocimacro : allowInlineToOverride = false : VMs defined inline may NOT replace previous VM definitions
2022-03-22 15:33:08,298 - Velocimacro : allowInlineLocal = false : VMs defined inline will be  global in scope if allowed.
2022-03-22 15:33:08,298 - Velocimacro : messages on  : VM system will output logging messages
2022-03-22 15:33:08,298 - Velocimacro : autoload off  : VM system will not automatically reload global library macros
2022-03-22 15:33:08,298 - Velocimacro : initialization complete.
2022-03-22 15:33:08,298 - Velocity successfully started.
2022-03-22 15:34:20,075 - SimpleLog4JLogSystem initialized using logfile 'velocity.log'
2022-03-22 15:34:20,075 - ************************************************************** 
2022-03-22 15:34:20,075 - Starting Jakarta Velocity v1.4
2022-03-22 15:34:20,075 - RuntimeInstance initializing.
2022-03-22 15:34:20,075 - Default Properties File: org/apache/velocity/runtime/defaults/velocity.properties
2022-03-22 15:34:20,075 - Trying to use logger class org.apache.velocity.runtime.log.SimpleLog4JLogSystem
2022-03-22 15:34:20,075 - Using logger class org.apache.velocity.runtime.log.SimpleLog4JLogSystem
2022-03-22 15:34:20,077 - Default ResourceManager initializing. (class org.apache.velocity.runtime.resource.ResourceManagerImpl)
2022-03-22 15:34:20,077 - Resource Loader Instantiated: org.apache.velocity.runtime.resource.loader.ClasspathResourceLoader
2022-03-22 15:34:20,078 - ClasspathResourceLoader : initialization starting.
2022-03-22 15:34:20,078 - ClasspathResourceLoader : initialization complete.
2022-03-22 15:34:20,079 - ResourceCache : initialized. (class org.apache.velocity.runtime.resource.ResourceCacheImpl)
2022-03-22 15:34:20,079 - Default ResourceManager initialization complete.
2022-03-22 15:34:20,080 - Loaded System Directive: org.apache.velocity.runtime.directive.Literal
2022-03-22 15:34:20,081 - Loaded System Directive: org.apache.velocity.runtime.directive.Macro
2022-03-22 15:34:20,082 - Loaded System Directive: org.apache.velocity.runtime.directive.Parse
2022-03-22 15:34:20,083 - Loaded System Directive: org.apache.velocity.runtime.directive.Include
2022-03-22 15:34:20,083 - Loaded System Directive: org.apache.velocity.runtime.directive.Foreach
2022-03-22 15:34:20,096 - Created: 20 parsers.
2022-03-22 15:34:20,098 - Velocimacro : initialization starting.
2022-03-22 15:34:20,098 - Velocimacro : adding VMs from VM library template : VM_global_library.vm
2022-03-22 15:34:20,099 - ResourceManager : unable to find resource 'VM_global_library.vm' in any resource loader.
2022-03-22 15:34:20,099 - Velocimacro : error using  VM library template VM_global_library.vm : org.apache.velocity.exception.ResourceNotFoundException: Unable to find resource 'VM_global_library.vm'
2022-03-22 15:34:20,099 - Velocimacro :  VM library template macro registration complete.
2022-03-22 15:34:20,099 - Velocimacro : allowInline = true : VMs can be defined inline in templates
2022-03-22 15:34:20,099 - Velocimacro : allowInlineToOverride = false : VMs defined inline may NOT replace previous VM definitions
2022-03-22 15:34:20,099 - Velocimacro : allowInlineLocal = false : VMs defined inline will be  global in scope if allowed.
2022-03-22 15:34:20,099 - Velocimacro : messages on  : VM system will output logging messages
2022-03-22 15:34:20,100 - Velocimacro : autoload off  : VM system will not automatically reload global library macros
2022-03-22 15:34:20,100 - Velocimacro : initialization complete.
2022-03-22 15:34:20,100 - Velocity successfully started.
2022-03-22 15:37:26,715 - SimpleLog4JLogSystem initialized using logfile 'velocity.log'
2022-03-22 15:37:26,715 - ************************************************************** 
2022-03-22 15:37:26,715 - Starting Jakarta Velocity v1.4
2022-03-22 15:37:26,715 - RuntimeInstance initializing.
2022-03-22 15:37:26,715 - Default Properties File: org/apache/velocity/runtime/defaults/velocity.properties
2022-03-22 15:37:26,715 - Trying to use logger class org.apache.velocity.runtime.log.SimpleLog4JLogSystem
2022-03-22 15:37:26,715 - Using logger class org.apache.velocity.runtime.log.SimpleLog4JLogSystem
2022-03-22 15:37:26,717 - Default ResourceManager initializing. (class org.apache.velocity.runtime.resource.ResourceManagerImpl)
2022-03-22 15:37:26,718 - Resource Loader Instantiated: org.apache.velocity.runtime.resource.loader.ClasspathResourceLoader
2022-03-22 15:37:26,718 - ClasspathResourceLoader : initialization starting.
2022-03-22 15:37:26,718 - ClasspathResourceLoader : initialization complete.
2022-03-22 15:37:26,719 - ResourceCache : initialized. (class org.apache.velocity.runtime.resource.ResourceCacheImpl)
2022-03-22 15:37:26,719 - Default ResourceManager initialization complete.
2022-03-22 15:37:26,719 - Loaded System Directive: org.apache.velocity.runtime.directive.Literal
2022-03-22 15:37:26,720 - Loaded System Directive: org.apache.velocity.runtime.directive.Macro
2022-03-22 15:37:26,721 - Loaded System Directive: org.apache.velocity.runtime.directive.Parse
2022-03-22 15:37:26,722 - Loaded System Directive: org.apache.velocity.runtime.directive.Include
2022-03-22 15:37:26,722 - Loaded System Directive: org.apache.velocity.runtime.directive.Foreach
2022-03-22 15:37:26,735 - Created: 20 parsers.
2022-03-22 15:37:26,738 - Velocimacro : initialization starting.
2022-03-22 15:37:26,738 - Velocimacro : adding VMs from VM library template : VM_global_library.vm
2022-03-22 15:37:26,739 - ResourceManager : unable to find resource 'VM_global_library.vm' in any resource loader.
2022-03-22 15:37:26,739 - Velocimacro : error using  VM library template VM_global_library.vm : org.apache.velocity.exception.ResourceNotFoundException: Unable to find resource 'VM_global_library.vm'
2022-03-22 15:37:26,739 - Velocimacro :  VM library template macro registration complete.
2022-03-22 15:37:26,739 - Velocimacro : allowInline = true : VMs can be defined inline in templates
2022-03-22 15:37:26,740 - Velocimacro : allowInlineToOverride = false : VMs defined inline may NOT replace previous VM definitions
2022-03-22 15:37:26,740 - Velocimacro : allowInlineLocal = false : VMs defined inline will be  global in scope if allowed.
2022-03-22 15:37:26,740 - Velocimacro : messages on  : VM system will output logging messages
2022-03-22 15:37:26,740 - Velocimacro : autoload off  : VM system will not automatically reload global library macros
2022-03-22 15:37:26,740 - Velocimacro : initialization complete.
2022-03-22 15:37:26,740 - Velocity successfully started.
2022-03-22 15:38:13,128 - SimpleLog4JLogSystem initialized using logfile 'velocity.log'
2022-03-22 15:38:13,129 - ************************************************************** 
2022-03-22 15:38:13,129 - Starting Jakarta Velocity v1.4
2022-03-22 15:38:13,129 - RuntimeInstance initializing.
2022-03-22 15:38:13,129 - Default Properties File: org/apache/velocity/runtime/defaults/velocity.properties
2022-03-22 15:38:13,129 - Trying to use logger class org.apache.velocity.runtime.log.SimpleLog4JLogSystem
2022-03-22 15:38:13,129 - Using logger class org.apache.velocity.runtime.log.SimpleLog4JLogSystem
2022-03-22 15:38:13,130 - Default ResourceManager initializing. (class org.apache.velocity.runtime.resource.ResourceManagerImpl)
2022-03-22 15:38:13,131 - Resource Loader Instantiated: org.apache.velocity.runtime.resource.loader.ClasspathResourceLoader
2022-03-22 15:38:13,131 - ClasspathResourceLoader : initialization starting.
2022-03-22 15:38:13,131 - ClasspathResourceLoader : initialization complete.
2022-03-22 15:38:13,132 - ResourceCache : initialized. (class org.apache.velocity.runtime.resource.ResourceCacheImpl)
2022-03-22 15:38:13,132 - Default ResourceManager initialization complete.
2022-03-22 15:38:13,132 - Loaded System Directive: org.apache.velocity.runtime.directive.Literal
2022-03-22 15:38:13,133 - Loaded System Directive: org.apache.velocity.runtime.directive.Macro
2022-03-22 15:38:13,134 - Loaded System Directive: org.apache.velocity.runtime.directive.Parse
2022-03-22 15:38:13,134 - Loaded System Directive: org.apache.velocity.runtime.directive.Include
2022-03-22 15:38:13,135 - Loaded System Directive: org.apache.velocity.runtime.directive.Foreach
2022-03-22 15:38:13,147 - Created: 20 parsers.
2022-03-22 15:38:13,148 - Velocimacro : initialization starting.
2022-03-22 15:38:13,148 - Velocimacro : adding VMs from VM library template : VM_global_library.vm
2022-03-22 15:38:13,149 - ResourceManager : unable to find resource 'VM_global_library.vm' in any resource loader.
2022-03-22 15:38:13,149 - Velocimacro : error using  VM library template VM_global_library.vm : org.apache.velocity.exception.ResourceNotFoundException: Unable to find resource 'VM_global_library.vm'
2022-03-22 15:38:13,149 - Velocimacro :  VM library template macro registration complete.
2022-03-22 15:38:13,149 - Velocimacro : allowInline = true : VMs can be defined inline in templates
2022-03-22 15:38:13,149 - Velocimacro : allowInlineToOverride = false : VMs defined inline may NOT replace previous VM definitions
2022-03-22 15:38:13,150 - Velocimacro : allowInlineLocal = false : VMs defined inline will be  global in scope if allowed.
2022-03-22 15:38:13,150 - Velocimacro : messages on  : VM system will output logging messages
2022-03-22 15:38:13,150 - Velocimacro : autoload off  : VM system will not automatically reload global library macros
2022-03-22 15:38:13,150 - Velocimacro : initialization complete.
2022-03-22 15:38:13,150 - Velocity successfully started.
2022-03-22 15:39:36,555 - SimpleLog4JLogSystem initialized using logfile 'velocity.log'
2022-03-22 15:39:36,555 - ************************************************************** 
2022-03-22 15:39:36,555 - Starting Jakarta Velocity v1.4
2022-03-22 15:39:36,555 - RuntimeInstance initializing.
2022-03-22 15:39:36,555 - Default Properties File: org/apache/velocity/runtime/defaults/velocity.properties
2022-03-22 15:39:36,556 - Trying to use logger class org.apache.velocity.runtime.log.SimpleLog4JLogSystem
2022-03-22 15:39:36,556 - Using logger class org.apache.velocity.runtime.log.SimpleLog4JLogSystem
2022-03-22 15:39:36,557 - Default ResourceManager initializing. (class org.apache.velocity.runtime.resource.ResourceManagerImpl)
2022-03-22 15:39:36,558 - Resource Loader Instantiated: org.apache.velocity.runtime.resource.loader.ClasspathResourceLoader
2022-03-22 15:39:36,558 - ClasspathResourceLoader : initialization starting.
2022-03-22 15:39:36,558 - ClasspathResourceLoader : initialization complete.
2022-03-22 15:39:36,558 - ResourceCache : initialized. (class org.apache.velocity.runtime.resource.ResourceCacheImpl)
2022-03-22 15:39:36,558 - Default ResourceManager initialization complete.
2022-03-22 15:39:36,559 - Loaded System Directive: org.apache.velocity.runtime.directive.Literal
2022-03-22 15:39:36,559 - Loaded System Directive: org.apache.velocity.runtime.directive.Macro
2022-03-22 15:39:36,560 - Loaded System Directive: org.apache.velocity.runtime.directive.Parse
2022-03-22 15:39:36,561 - Loaded System Directive: org.apache.velocity.runtime.directive.Include
2022-03-22 15:39:36,561 - Loaded System Directive: org.apache.velocity.runtime.directive.Foreach
2022-03-22 15:39:36,573 - Created: 20 parsers.
2022-03-22 15:39:36,575 - Velocimacro : initialization starting.
2022-03-22 15:39:36,575 - Velocimacro : adding VMs from VM library template : VM_global_library.vm
2022-03-22 15:39:36,576 - ResourceManager : unable to find resource 'VM_global_library.vm' in any resource loader.
2022-03-22 15:39:36,576 - Velocimacro : error using  VM library template VM_global_library.vm : org.apache.velocity.exception.ResourceNotFoundException: Unable to find resource 'VM_global_library.vm'
2022-03-22 15:39:36,576 - Velocimacro :  VM library template macro registration complete.
2022-03-22 15:39:36,576 - Velocimacro : allowInline = true : VMs can be defined inline in templates
2022-03-22 15:39:36,576 - Velocimacro : allowInlineToOverride = false : VMs defined inline may NOT replace previous VM definitions
2022-03-22 15:39:36,577 - Velocimacro : allowInlineLocal = false : VMs defined inline will be  global in scope if allowed.
2022-03-22 15:39:36,577 - Velocimacro : messages on  : VM system will output logging messages
2022-03-22 15:39:36,577 - Velocimacro : autoload off  : VM system will not automatically reload global library macros
2022-03-22 15:39:36,577 - Velocimacro : initialization complete.
2022-03-22 15:39:36,577 - Velocity successfully started.
2022-03-22 15:40:51,425 - SimpleLog4JLogSystem initialized using logfile 'velocity.log'
2022-03-22 15:40:51,425 - ************************************************************** 
2022-03-22 15:40:51,425 - Starting Jakarta Velocity v1.4
2022-03-22 15:40:51,425 - RuntimeInstance initializing.
2022-03-22 15:40:51,426 - Default Properties File: org/apache/velocity/runtime/defaults/velocity.properties
2022-03-22 15:40:51,426 - Trying to use logger class org.apache.velocity.runtime.log.SimpleLog4JLogSystem
2022-03-22 15:40:51,426 - Using logger class org.apache.velocity.runtime.log.SimpleLog4JLogSystem
2022-03-22 15:40:51,427 - Default ResourceManager initializing. (class org.apache.velocity.runtime.resource.ResourceManagerImpl)
2022-03-22 15:40:51,428 - Resource Loader Instantiated: org.apache.velocity.runtime.resource.loader.ClasspathResourceLoader
2022-03-22 15:40:51,428 - ClasspathResourceLoader : initialization starting.
2022-03-22 15:40:51,428 - ClasspathResourceLoader : initialization complete.
2022-03-22 15:40:51,428 - ResourceCache : initialized. (class org.apache.velocity.runtime.resource.ResourceCacheImpl)
2022-03-22 15:40:51,429 - Default ResourceManager initialization complete.
2022-03-22 15:40:51,429 - Loaded System Directive: org.apache.velocity.runtime.directive.Literal
2022-03-22 15:40:51,430 - Loaded System Directive: org.apache.velocity.runtime.directive.Macro
2022-03-22 15:40:51,431 - Loaded System Directive: org.apache.velocity.runtime.directive.Parse
2022-03-22 15:40:51,431 - Loaded System Directive: org.apache.velocity.runtime.directive.Include
2022-03-22 15:40:51,432 - Loaded System Directive: org.apache.velocity.runtime.directive.Foreach
2022-03-22 15:40:51,444 - Created: 20 parsers.
2022-03-22 15:40:51,446 - Velocimacro : initialization starting.
2022-03-22 15:40:51,446 - Velocimacro : adding VMs from VM library template : VM_global_library.vm
2022-03-22 15:40:51,447 - ResourceManager : unable to find resource 'VM_global_library.vm' in any resource loader.
2022-03-22 15:40:51,447 - Velocimacro : error using  VM library template VM_global_library.vm : org.apache.velocity.exception.ResourceNotFoundException: Unable to find resource 'VM_global_library.vm'
2022-03-22 15:40:51,447 - Velocimacro :  VM library template macro registration complete.
2022-03-22 15:40:51,448 - Velocimacro : allowInline = true : VMs can be defined inline in templates
2022-03-22 15:40:51,448 - Velocimacro : allowInlineToOverride = false : VMs defined inline may NOT replace previous VM definitions
2022-03-22 15:40:51,448 - Velocimacro : allowInlineLocal = false : VMs defined inline will be  global in scope if allowed.
2022-03-22 15:40:51,448 - Velocimacro : messages on  : VM system will output logging messages
2022-03-22 15:40:51,448 - Velocimacro : autoload off  : VM system will not automatically reload global library macros
2022-03-22 15:40:51,448 - Velocimacro : initialization complete.
2022-03-22 15:40:51,448 - Velocity successfully started.
2022-03-22 15:42:31,387 - SimpleLog4JLogSystem initialized using logfile 'velocity.log'
2022-03-22 15:42:31,387 - ************************************************************** 
2022-03-22 15:42:31,387 - Starting Jakarta Velocity v1.4
2022-03-22 15:42:31,387 - RuntimeInstance initializing.
2022-03-22 15:42:31,388 - Default Properties File: org/apache/velocity/runtime/defaults/velocity.properties
2022-03-22 15:42:31,388 - Trying to use logger class org.apache.velocity.runtime.log.SimpleLog4JLogSystem
2022-03-22 15:42:31,388 - Using logger class org.apache.velocity.runtime.log.SimpleLog4JLogSystem
2022-03-22 15:42:31,390 - Default ResourceManager initializing. (class org.apache.velocity.runtime.resource.ResourceManagerImpl)
2022-03-22 15:42:31,391 - Resource Loader Instantiated: org.apache.velocity.runtime.resource.loader.ClasspathResourceLoader
2022-03-22 15:42:31,391 - ClasspathResourceLoader : initialization starting.
2022-03-22 15:42:31,391 - ClasspathResourceLoader : initialization complete.
2022-03-22 15:42:31,391 - ResourceCache : initialized. (class org.apache.velocity.runtime.resource.ResourceCacheImpl)
2022-03-22 15:42:31,391 - Default ResourceManager initialization complete.
2022-03-22 15:42:31,392 - Loaded System Directive: org.apache.velocity.runtime.directive.Literal
2022-03-22 15:42:31,393 - Loaded System Directive: org.apache.velocity.runtime.directive.Macro
2022-03-22 15:42:31,394 - Loaded System Directive: org.apache.velocity.runtime.directive.Parse
2022-03-22 15:42:31,394 - Loaded System Directive: org.apache.velocity.runtime.directive.Include
2022-03-22 15:42:31,395 - Loaded System Directive: org.apache.velocity.runtime.directive.Foreach
2022-03-22 15:42:31,408 - Created: 20 parsers.
2022-03-22 15:42:31,410 - Velocimacro : initialization starting.
2022-03-22 15:42:31,411 - Velocimacro : adding VMs from VM library template : VM_global_library.vm
2022-03-22 15:42:31,414 - ResourceManager : unable to find resource 'VM_global_library.vm' in any resource loader.
2022-03-22 15:42:31,414 - Velocimacro : error using  VM library template VM_global_library.vm : org.apache.velocity.exception.ResourceNotFoundException: Unable to find resource 'VM_global_library.vm'
2022-03-22 15:42:31,414 - Velocimacro :  VM library template macro registration complete.
2022-03-22 15:42:31,414 - Velocimacro : allowInline = true : VMs can be defined inline in templates
2022-03-22 15:42:31,414 - Velocimacro : allowInlineToOverride = false : VMs defined inline may NOT replace previous VM definitions
2022-03-22 15:42:31,414 - Velocimacro : allowInlineLocal = false : VMs defined inline will be  global in scope if allowed.
2022-03-22 15:42:31,415 - Velocimacro : messages on  : VM system will output logging messages
2022-03-22 15:42:31,415 - Velocimacro : autoload off  : VM system will not automatically reload global library macros
2022-03-22 15:42:31,415 - Velocimacro : initialization complete.
2022-03-22 15:42:31,415 - Velocity successfully started.
2022-03-22 15:43:41,814 - SimpleLog4JLogSystem initialized using logfile 'velocity.log'
2022-03-22 15:43:41,814 - ************************************************************** 
2022-03-22 15:43:41,814 - Starting Jakarta Velocity v1.4
2022-03-22 15:43:41,814 - RuntimeInstance initializing.
2022-03-22 15:43:41,814 - Default Properties File: org/apache/velocity/runtime/defaults/velocity.properties
2022-03-22 15:43:41,814 - Trying to use logger class org.apache.velocity.runtime.log.SimpleLog4JLogSystem
2022-03-22 15:43:41,814 - Using logger class org.apache.velocity.runtime.log.SimpleLog4JLogSystem
2022-03-22 15:43:41,816 - Default ResourceManager initializing. (class org.apache.velocity.runtime.resource.ResourceManagerImpl)
2022-03-22 15:43:41,817 - Resource Loader Instantiated: org.apache.velocity.runtime.resource.loader.ClasspathResourceLoader
2022-03-22 15:43:41,817 - ClasspathResourceLoader : initialization starting.
2022-03-22 15:43:41,817 - ClasspathResourceLoader : initialization complete.
2022-03-22 15:43:41,818 - ResourceCache : initialized. (class org.apache.velocity.runtime.resource.ResourceCacheImpl)
2022-03-22 15:43:41,818 - Default ResourceManager initialization complete.
2022-03-22 15:43:41,819 - Loaded System Directive: org.apache.velocity.runtime.directive.Literal
2022-03-22 15:43:41,819 - Loaded System Directive: org.apache.velocity.runtime.directive.Macro
2022-03-22 15:43:41,820 - Loaded System Directive: org.apache.velocity.runtime.directive.Parse
2022-03-22 15:43:41,821 - Loaded System Directive: org.apache.velocity.runtime.directive.Include
2022-03-22 15:43:41,822 - Loaded System Directive: org.apache.velocity.runtime.directive.Foreach
2022-03-22 15:43:41,835 - Created: 20 parsers.
2022-03-22 15:43:41,837 - Velocimacro : initialization starting.
2022-03-22 15:43:41,837 - Velocimacro : adding VMs from VM library template : VM_global_library.vm
2022-03-22 15:43:41,839 - ResourceManager : unable to find resource 'VM_global_library.vm' in any resource loader.
2022-03-22 15:43:41,839 - Velocimacro : error using  VM library template VM_global_library.vm : org.apache.velocity.exception.ResourceNotFoundException: Unable to find resource 'VM_global_library.vm'
2022-03-22 15:43:41,839 - Velocimacro :  VM library template macro registration complete.
2022-03-22 15:43:41,839 - Velocimacro : allowInline = true : VMs can be defined inline in templates
2022-03-22 15:43:41,839 - Velocimacro : allowInlineToOverride = false : VMs defined inline may NOT replace previous VM definitions
2022-03-22 15:43:41,839 - Velocimacro : allowInlineLocal = false : VMs defined inline will be  global in scope if allowed.
2022-03-22 15:43:41,839 - Velocimacro : messages on  : VM system will output logging messages
2022-03-22 15:43:41,839 - Velocimacro : autoload off  : VM system will not automatically reload global library macros
2022-03-22 15:43:41,839 - Velocimacro : initialization complete.
2022-03-22 15:43:41,839 - Velocity successfully started.
2022-03-22 15:44:44,209 - SimpleLog4JLogSystem initialized using logfile 'velocity.log'
2022-03-22 15:44:44,209 - ************************************************************** 
2022-03-22 15:44:44,209 - Starting Jakarta Velocity v1.4
2022-03-22 15:44:44,209 - RuntimeInstance initializing.
2022-03-22 15:44:44,209 - Default Properties File: org/apache/velocity/runtime/defaults/velocity.properties
2022-03-22 15:44:44,209 - Trying to use logger class org.apache.velocity.runtime.log.SimpleLog4JLogSystem
2022-03-22 15:44:44,209 - Using logger class org.apache.velocity.runtime.log.SimpleLog4JLogSystem
2022-03-22 15:44:44,210 - Default ResourceManager initializing. (class org.apache.velocity.runtime.resource.ResourceManagerImpl)
2022-03-22 15:44:44,211 - Resource Loader Instantiated: org.apache.velocity.runtime.resource.loader.ClasspathResourceLoader
2022-03-22 15:44:44,212 - ClasspathResourceLoader : initialization starting.
2022-03-22 15:44:44,212 - ClasspathResourceLoader : initialization complete.
2022-03-22 15:44:44,212 - ResourceCache : initialized. (class org.apache.velocity.runtime.resource.ResourceCacheImpl)
2022-03-22 15:44:44,212 - Default ResourceManager initialization complete.
2022-03-22 15:44:44,213 - Loaded System Directive: org.apache.velocity.runtime.directive.Literal
2022-03-22 15:44:44,214 - Loaded System Directive: org.apache.velocity.runtime.directive.Macro
2022-03-22 15:44:44,215 - Loaded System Directive: org.apache.velocity.runtime.directive.Parse
2022-03-22 15:44:44,217 - Loaded System Directive: org.apache.velocity.runtime.directive.Include
2022-03-22 15:44:44,217 - Loaded System Directive: org.apache.velocity.runtime.directive.Foreach
2022-03-22 15:44:44,230 - Created: 20 parsers.
2022-03-22 15:44:44,232 - Velocimacro : initialization starting.
2022-03-22 15:44:44,232 - Velocimacro : adding VMs from VM library template : VM_global_library.vm
2022-03-22 15:44:44,234 - ResourceManager : unable to find resource 'VM_global_library.vm' in any resource loader.
2022-03-22 15:44:44,234 - Velocimacro : error using  VM library template VM_global_library.vm : org.apache.velocity.exception.ResourceNotFoundException: Unable to find resource 'VM_global_library.vm'
2022-03-22 15:44:44,234 - Velocimacro :  VM library template macro registration complete.
2022-03-22 15:44:44,234 - Velocimacro : allowInline = true : VMs can be defined inline in templates
2022-03-22 15:44:44,234 - Velocimacro : allowInlineToOverride = false : VMs defined inline may NOT replace previous VM definitions
2022-03-22 15:44:44,234 - Velocimacro : allowInlineLocal = false : VMs defined inline will be  global in scope if allowed.
2022-03-22 15:44:44,234 - Velocimacro : messages on  : VM system will output logging messages
2022-03-22 15:44:44,234 - Velocimacro : autoload off  : VM system will not automatically reload global library macros
2022-03-22 15:44:44,234 - Velocimacro : initialization complete.
2022-03-22 15:44:44,234 - Velocity successfully started.
2022-03-22 15:45:26,073 - SimpleLog4JLogSystem initialized using logfile 'velocity.log'
2022-03-22 15:45:26,073 - ************************************************************** 
2022-03-22 15:45:26,073 - Starting Jakarta Velocity v1.4
2022-03-22 15:45:26,073 - RuntimeInstance initializing.
2022-03-22 15:45:26,073 - Default Properties File: org/apache/velocity/runtime/defaults/velocity.properties
2022-03-22 15:45:26,073 - Trying to use logger class org.apache.velocity.runtime.log.SimpleLog4JLogSystem
2022-03-22 15:45:26,073 - Using logger class org.apache.velocity.runtime.log.SimpleLog4JLogSystem
2022-03-22 15:45:26,074 - Default ResourceManager initializing. (class org.apache.velocity.runtime.resource.ResourceManagerImpl)
2022-03-22 15:45:26,075 - Resource Loader Instantiated: org.apache.velocity.runtime.resource.loader.ClasspathResourceLoader
2022-03-22 15:45:26,075 - ClasspathResourceLoader : initialization starting.
2022-03-22 15:45:26,075 - ClasspathResourceLoader : initialization complete.
2022-03-22 15:45:26,076 - ResourceCache : initialized. (class org.apache.velocity.runtime.resource.ResourceCacheImpl)
2022-03-22 15:45:26,076 - Default ResourceManager initialization complete.
2022-03-22 15:45:26,077 - Loaded System Directive: org.apache.velocity.runtime.directive.Literal
2022-03-22 15:45:26,077 - Loaded System Directive: org.apache.velocity.runtime.directive.Macro
2022-03-22 15:45:26,078 - Loaded System Directive: org.apache.velocity.runtime.directive.Parse
2022-03-22 15:45:26,079 - Loaded System Directive: org.apache.velocity.runtime.directive.Include
2022-03-22 15:45:26,079 - Loaded System Directive: org.apache.velocity.runtime.directive.Foreach
2022-03-22 15:45:26,092 - Created: 20 parsers.
2022-03-22 15:45:26,094 - Velocimacro : initialization starting.
2022-03-22 15:45:26,094 - Velocimacro : adding VMs from VM library template : VM_global_library.vm
2022-03-22 15:45:26,095 - ResourceManager : unable to find resource 'VM_global_library.vm' in any resource loader.
2022-03-22 15:45:26,095 - Velocimacro : error using  VM library template VM_global_library.vm : org.apache.velocity.exception.ResourceNotFoundException: Unable to find resource 'VM_global_library.vm'
2022-03-22 15:45:26,095 - Velocimacro :  VM library template macro registration complete.
2022-03-22 15:45:26,095 - Velocimacro : allowInline = true : VMs can be defined inline in templates
2022-03-22 15:45:26,095 - Velocimacro : allowInlineToOverride = false : VMs defined inline may NOT replace previous VM definitions
2022-03-22 15:45:26,095 - Velocimacro : allowInlineLocal = false : VMs defined inline will be  global in scope if allowed.
2022-03-22 15:45:26,096 - Velocimacro : messages on  : VM system will output logging messages
2022-03-22 15:45:26,096 - Velocimacro : autoload off  : VM system will not automatically reload global library macros
2022-03-22 15:45:26,096 - Velocimacro : initialization complete.
2022-03-22 15:45:26,096 - Velocity successfully started.
2022-03-22 15:47:48,518 - SimpleLog4JLogSystem initialized using logfile 'velocity.log'
2022-03-22 15:47:48,519 - ************************************************************** 
2022-03-22 15:47:48,519 - Starting Jakarta Velocity v1.4
2022-03-22 15:47:48,519 - RuntimeInstance initializing.
2022-03-22 15:47:48,519 - Default Properties File: org/apache/velocity/runtime/defaults/velocity.properties
2022-03-22 15:47:48,519 - Trying to use logger class org.apache.velocity.runtime.log.SimpleLog4JLogSystem
2022-03-22 15:47:48,519 - Using logger class org.apache.velocity.runtime.log.SimpleLog4JLogSystem
2022-03-22 15:47:48,520 - Default ResourceManager initializing. (class org.apache.velocity.runtime.resource.ResourceManagerImpl)
2022-03-22 15:47:48,521 - Resource Loader Instantiated: org.apache.velocity.runtime.resource.loader.ClasspathResourceLoader
2022-03-22 15:47:48,521 - ClasspathResourceLoader : initialization starting.
2022-03-22 15:47:48,521 - ClasspathResourceLoader : initialization complete.
2022-03-22 15:47:48,522 - ResourceCache : initialized. (class org.apache.velocity.runtime.resource.ResourceCacheImpl)
2022-03-22 15:47:48,522 - Default ResourceManager initialization complete.
2022-03-22 15:47:48,525 - Loaded System Directive: org.apache.velocity.runtime.directive.Literal
2022-03-22 15:47:48,526 - Loaded System Directive: org.apache.velocity.runtime.directive.Macro
2022-03-22 15:47:48,527 - Loaded System Directive: org.apache.velocity.runtime.directive.Parse
2022-03-22 15:47:48,527 - Loaded System Directive: org.apache.velocity.runtime.directive.Include
2022-03-22 15:47:48,528 - Loaded System Directive: org.apache.velocity.runtime.directive.Foreach
2022-03-22 15:47:48,541 - Created: 20 parsers.
2022-03-22 15:47:48,542 - Velocimacro : initialization starting.
2022-03-22 15:47:48,543 - Velocimacro : adding VMs from VM library template : VM_global_library.vm
2022-03-22 15:47:48,544 - ResourceManager : unable to find resource 'VM_global_library.vm' in any resource loader.
2022-03-22 15:47:48,545 - Velocimacro : error using  VM library template VM_global_library.vm : org.apache.velocity.exception.ResourceNotFoundException: Unable to find resource 'VM_global_library.vm'
2022-03-22 15:47:48,545 - Velocimacro :  VM library template macro registration complete.
2022-03-22 15:47:48,545 - Velocimacro : allowInline = true : VMs can be defined inline in templates
2022-03-22 15:47:48,545 - Velocimacro : allowInlineToOverride = false : VMs defined inline may NOT replace previous VM definitions
2022-03-22 15:47:48,545 - Velocimacro : allowInlineLocal = false : VMs defined inline will be  global in scope if allowed.
2022-03-22 15:47:48,545 - Velocimacro : messages on  : VM system will output logging messages
2022-03-22 15:47:48,545 - Velocimacro : autoload off  : VM system will not automatically reload global library macros
2022-03-22 15:47:48,545 - Velocimacro : initialization complete.
2022-03-22 15:47:48,545 - Velocity successfully started.
2022-03-23 16:34:25,566 - SimpleLog4JLogSystem initialized using logfile 'velocity.log'
2022-03-23 16:34:25,579 - ************************************************************** 
2022-03-23 16:34:25,579 - Starting Jakarta Velocity v1.4
2022-03-23 16:34:25,579 - RuntimeInstance initializing.
2022-03-23 16:34:25,579 - Default Properties File: org/apache/velocity/runtime/defaults/velocity.properties
2022-03-23 16:34:25,579 - Trying to use logger class org.apache.velocity.runtime.log.SimpleLog4JLogSystem
2022-03-23 16:34:25,580 - Using logger class org.apache.velocity.runtime.log.SimpleLog4JLogSystem
2022-03-23 16:34:25,581 - Default ResourceManager initializing. (class org.apache.velocity.runtime.resource.ResourceManagerImpl)
2022-03-23 16:34:25,582 - Resource Loader Instantiated: org.apache.velocity.runtime.resource.loader.ClasspathResourceLoader
2022-03-23 16:34:25,582 - ClasspathResourceLoader : initialization starting.
2022-03-23 16:34:25,582 - ClasspathResourceLoader : initialization complete.
2022-03-23 16:34:25,582 - ResourceCache : initialized. (class org.apache.velocity.runtime.resource.ResourceCacheImpl)
2022-03-23 16:34:25,583 - Default ResourceManager initialization complete.
2022-03-23 16:34:25,583 - Loaded System Directive: org.apache.velocity.runtime.directive.Literal
2022-03-23 16:34:25,586 - Loaded System Directive: org.apache.velocity.runtime.directive.Macro
2022-03-23 16:34:25,587 - Loaded System Directive: org.apache.velocity.runtime.directive.Parse
2022-03-23 16:34:25,588 - Loaded System Directive: org.apache.velocity.runtime.directive.Include
2022-03-23 16:34:25,588 - Loaded System Directive: org.apache.velocity.runtime.directive.Foreach
2022-03-23 16:34:25,602 - Created: 20 parsers.
2022-03-23 16:34:25,605 - Velocimacro : initialization starting.
2022-03-23 16:34:25,605 - Velocimacro : adding VMs from VM library template : VM_global_library.vm
2022-03-23 16:34:25,606 - ResourceManager : unable to find resource 'VM_global_library.vm' in any resource loader.
2022-03-23 16:34:25,606 - Velocimacro : error using  VM library template VM_global_library.vm : org.apache.velocity.exception.ResourceNotFoundException: Unable to find resource 'VM_global_library.vm'
2022-03-23 16:34:25,606 - Velocimacro :  VM library template macro registration complete.
2022-03-23 16:34:25,606 - Velocimacro : allowInline = true : VMs can be defined inline in templates
2022-03-23 16:34:25,606 - Velocimacro : allowInlineToOverride = false : VMs defined inline may NOT replace previous VM definitions
2022-03-23 16:34:25,607 - Velocimacro : allowInlineLocal = false : VMs defined inline will be  global in scope if allowed.
2022-03-23 16:34:25,607 - Velocimacro : messages on  : VM system will output logging messages
2022-03-23 16:34:25,607 - Velocimacro : autoload off  : VM system will not automatically reload global library macros
2022-03-23 16:34:25,607 - Velocimacro : initialization complete.
2022-03-23 16:34:25,607 - Velocity successfully started.
2022-03-23 16:37:31,328 - SimpleLog4JLogSystem initialized using logfile 'velocity.log'
2022-03-23 16:37:31,329 - ************************************************************** 
2022-03-23 16:37:31,329 - Starting Jakarta Velocity v1.4
2022-03-23 16:37:31,329 - RuntimeInstance initializing.
2022-03-23 16:37:31,329 - Default Properties File: org/apache/velocity/runtime/defaults/velocity.properties
2022-03-23 16:37:31,329 - Trying to use logger class org.apache.velocity.runtime.log.SimpleLog4JLogSystem
2022-03-23 16:37:31,329 - Using logger class org.apache.velocity.runtime.log.SimpleLog4JLogSystem
2022-03-23 16:37:31,330 - Default ResourceManager initializing. (class org.apache.velocity.runtime.resource.ResourceManagerImpl)
2022-03-23 16:37:31,331 - Resource Loader Instantiated: org.apache.velocity.runtime.resource.loader.ClasspathResourceLoader
2022-03-23 16:37:31,331 - ClasspathResourceLoader : initialization starting.
2022-03-23 16:37:31,334 - ClasspathResourceLoader : initialization complete.
2022-03-23 16:37:31,335 - ResourceCache : initialized. (class org.apache.velocity.runtime.resource.ResourceCacheImpl)
2022-03-23 16:37:31,335 - Default ResourceManager initialization complete.
2022-03-23 16:37:31,336 - Loaded System Directive: org.apache.velocity.runtime.directive.Literal
2022-03-23 16:37:31,337 - Loaded System Directive: org.apache.velocity.runtime.directive.Macro
2022-03-23 16:37:31,338 - Loaded System Directive: org.apache.velocity.runtime.directive.Parse
2022-03-23 16:37:31,340 - Loaded System Directive: org.apache.velocity.runtime.directive.Include
2022-03-23 16:37:31,341 - Loaded System Directive: org.apache.velocity.runtime.directive.Foreach
2022-03-23 16:37:31,366 - Created: 20 parsers.
2022-03-23 16:37:31,370 - Velocimacro : initialization starting.
2022-03-23 16:37:31,373 - Velocimacro : adding VMs from VM library template : VM_global_library.vm
2022-03-23 16:37:31,374 - ResourceManager : unable to find resource 'VM_global_library.vm' in any resource loader.
2022-03-23 16:37:31,378 - Velocimacro : error using  VM library template VM_global_library.vm : org.apache.velocity.exception.ResourceNotFoundException: Unable to find resource 'VM_global_library.vm'
2022-03-23 16:37:31,379 - Velocimacro :  VM library template macro registration complete.
2022-03-23 16:37:31,379 - Velocimacro : allowInline = true : VMs can be defined inline in templates
2022-03-23 16:37:31,379 - Velocimacro : allowInlineToOverride = false : VMs defined inline may NOT replace previous VM definitions
2022-03-23 16:37:31,379 - Velocimacro : allowInlineLocal = false : VMs defined inline will be  global in scope if allowed.
2022-03-23 16:37:31,379 - Velocimacro : messages on  : VM system will output logging messages
2022-03-23 16:37:31,379 - Velocimacro : autoload off  : VM system will not automatically reload global library macros
2022-03-23 16:37:31,379 - Velocimacro : initialization complete.
2022-03-23 16:37:31,379 - Velocity successfully started.
2022-03-23 16:46:37,542 - SimpleLog4JLogSystem initialized using logfile 'velocity.log'
2022-03-23 16:46:37,542 - ************************************************************** 
2022-03-23 16:46:37,543 - Starting Jakarta Velocity v1.4
2022-03-23 16:46:37,543 - RuntimeInstance initializing.
2022-03-23 16:46:37,543 - Default Properties File: org/apache/velocity/runtime/defaults/velocity.properties
2022-03-23 16:46:37,543 - Trying to use logger class org.apache.velocity.runtime.log.SimpleLog4JLogSystem
2022-03-23 16:46:37,543 - Using logger class org.apache.velocity.runtime.log.SimpleLog4JLogSystem
2022-03-23 16:46:37,544 - Default ResourceManager initializing. (class org.apache.velocity.runtime.resource.ResourceManagerImpl)
2022-03-23 16:46:37,545 - Resource Loader Instantiated: org.apache.velocity.runtime.resource.loader.ClasspathResourceLoader
2022-03-23 16:46:37,545 - ClasspathResourceLoader : initialization starting.
2022-03-23 16:46:37,545 - ClasspathResourceLoader : initialization complete.
2022-03-23 16:46:37,545 - ResourceCache : initialized. (class org.apache.velocity.runtime.resource.ResourceCacheImpl)
2022-03-23 16:46:37,546 - Default ResourceManager initialization complete.
2022-03-23 16:46:37,546 - Loaded System Directive: org.apache.velocity.runtime.directive.Literal
2022-03-23 16:46:37,548 - Loaded System Directive: org.apache.velocity.runtime.directive.Macro
2022-03-23 16:46:37,551 - Loaded System Directive: org.apache.velocity.runtime.directive.Parse
2022-03-23 16:46:37,551 - Loaded System Directive: org.apache.velocity.runtime.directive.Include
2022-03-23 16:46:37,552 - Loaded System Directive: org.apache.velocity.runtime.directive.Foreach
2022-03-23 16:46:37,566 - Created: 20 parsers.
2022-03-23 16:46:37,569 - Velocimacro : initialization starting.
2022-03-23 16:46:37,569 - Velocimacro : adding VMs from VM library template : VM_global_library.vm
2022-03-23 16:46:37,570 - ResourceManager : unable to find resource 'VM_global_library.vm' in any resource loader.
2022-03-23 16:46:37,570 - Velocimacro : error using  VM library template VM_global_library.vm : org.apache.velocity.exception.ResourceNotFoundException: Unable to find resource 'VM_global_library.vm'
2022-03-23 16:46:37,571 - Velocimacro :  VM library template macro registration complete.
2022-03-23 16:46:37,571 - Velocimacro : allowInline = true : VMs can be defined inline in templates
2022-03-23 16:46:37,571 - Velocimacro : allowInlineToOverride = false : VMs defined inline may NOT replace previous VM definitions
2022-03-23 16:46:37,571 - Velocimacro : allowInlineLocal = false : VMs defined inline will be  global in scope if allowed.
2022-03-23 16:46:37,571 - Velocimacro : messages on  : VM system will output logging messages
2022-03-23 16:46:37,571 - Velocimacro : autoload off  : VM system will not automatically reload global library macros
2022-03-23 16:46:37,571 - Velocimacro : initialization complete.
2022-03-23 16:46:37,571 - Velocity successfully started.
2022-03-23 17:57:37,540 - SimpleLog4JLogSystem initialized using logfile 'velocity.log'
2022-03-23 17:57:37,540 - ************************************************************** 
2022-03-23 17:57:37,540 - Starting Jakarta Velocity v1.4
2022-03-23 17:57:37,540 - RuntimeInstance initializing.
2022-03-23 17:57:37,540 - Default Properties File: org/apache/velocity/runtime/defaults/velocity.properties
2022-03-23 17:57:37,540 - Trying to use logger class org.apache.velocity.runtime.log.SimpleLog4JLogSystem
2022-03-23 17:57:37,541 - Using logger class org.apache.velocity.runtime.log.SimpleLog4JLogSystem
2022-03-23 17:57:37,544 - Default ResourceManager initializing. (class org.apache.velocity.runtime.resource.ResourceManagerImpl)
2022-03-23 17:57:37,544 - Resource Loader Instantiated: org.apache.velocity.runtime.resource.loader.ClasspathResourceLoader
2022-03-23 17:57:37,545 - ClasspathResourceLoader : initialization starting.
2022-03-23 17:57:37,545 - ClasspathResourceLoader : initialization complete.
2022-03-23 17:57:37,545 - ResourceCache : initialized. (class org.apache.velocity.runtime.resource.ResourceCacheImpl)
2022-03-23 17:57:37,545 - Default ResourceManager initialization complete.
2022-03-23 17:57:37,546 - Loaded System Directive: org.apache.velocity.runtime.directive.Literal
2022-03-23 17:57:37,547 - Loaded System Directive: org.apache.velocity.runtime.directive.Macro
2022-03-23 17:57:37,548 - Loaded System Directive: org.apache.velocity.runtime.directive.Parse
2022-03-23 17:57:37,550 - Loaded System Directive: org.apache.velocity.runtime.directive.Include
2022-03-23 17:57:37,551 - Loaded System Directive: org.apache.velocity.runtime.directive.Foreach
2022-03-23 17:57:37,563 - Created: 20 parsers.
2022-03-23 17:57:37,565 - Velocimacro : initialization starting.
2022-03-23 17:57:37,565 - Velocimacro : adding VMs from VM library template : VM_global_library.vm
2022-03-23 17:57:37,566 - ResourceManager : unable to find resource 'VM_global_library.vm' in any resource loader.
2022-03-23 17:57:37,566 - Velocimacro : error using  VM library template VM_global_library.vm : org.apache.velocity.exception.ResourceNotFoundException: Unable to find resource 'VM_global_library.vm'
2022-03-23 17:57:37,566 - Velocimacro :  VM library template macro registration complete.
2022-03-23 17:57:37,566 - Velocimacro : allowInline = true : VMs can be defined inline in templates
2022-03-23 17:57:37,566 - Velocimacro : allowInlineToOverride = false : VMs defined inline may NOT replace previous VM definitions
2022-03-23 17:57:37,567 - Velocimacro : allowInlineLocal = false : VMs defined inline will be  global in scope if allowed.
2022-03-23 17:57:37,567 - Velocimacro : messages on  : VM system will output logging messages
2022-03-23 17:57:37,567 - Velocimacro : autoload off  : VM system will not automatically reload global library macros
2022-03-23 17:57:37,567 - Velocimacro : initialization complete.
2022-03-23 17:57:37,567 - Velocity successfully started.
2022-03-23 18:47:09,297 - SimpleLog4JLogSystem initialized using logfile 'velocity.log'
2022-03-23 18:47:09,309 - ************************************************************** 
2022-03-23 18:47:09,309 - Starting Jakarta Velocity v1.4
2022-03-23 18:47:09,309 - RuntimeInstance initializing.
2022-03-23 18:47:09,309 - Default Properties File: org/apache/velocity/runtime/defaults/velocity.properties
2022-03-23 18:47:09,309 - Trying to use logger class org.apache.velocity.runtime.log.SimpleLog4JLogSystem
2022-03-23 18:47:09,309 - Using logger class org.apache.velocity.runtime.log.SimpleLog4JLogSystem
2022-03-23 18:47:09,311 - Default ResourceManager initializing. (class org.apache.velocity.runtime.resource.ResourceManagerImpl)
2022-03-23 18:47:09,312 - Resource Loader Instantiated: org.apache.velocity.runtime.resource.loader.ClasspathResourceLoader
2022-03-23 18:47:09,312 - ClasspathResourceLoader : initialization starting.
2022-03-23 18:47:09,312 - ClasspathResourceLoader : initialization complete.
2022-03-23 18:47:09,312 - ResourceCache : initialized. (class org.apache.velocity.runtime.resource.ResourceCacheImpl)
2022-03-23 18:47:09,313 - Default ResourceManager initialization complete.
2022-03-23 18:47:09,313 - Loaded System Directive: org.apache.velocity.runtime.directive.Literal
2022-03-23 18:47:09,314 - Loaded System Directive: org.apache.velocity.runtime.directive.Macro
2022-03-23 18:47:09,315 - Loaded System Directive: org.apache.velocity.runtime.directive.Parse
2022-03-23 18:47:09,315 - Loaded System Directive: org.apache.velocity.runtime.directive.Include
2022-03-23 18:47:09,316 - Loaded System Directive: org.apache.velocity.runtime.directive.Foreach
2022-03-23 18:47:09,328 - Created: 20 parsers.
2022-03-23 18:47:09,331 - Velocimacro : initialization starting.
2022-03-23 18:47:09,331 - Velocimacro : adding VMs from VM library template : VM_global_library.vm
2022-03-23 18:47:09,332 - ResourceManager : unable to find resource 'VM_global_library.vm' in any resource loader.
2022-03-23 18:47:09,332 - Velocimacro : error using  VM library template VM_global_library.vm : org.apache.velocity.exception.ResourceNotFoundException: Unable to find resource 'VM_global_library.vm'
2022-03-23 18:47:09,332 - Velocimacro :  VM library template macro registration complete.
2022-03-23 18:47:09,332 - Velocimacro : allowInline = true : VMs can be defined inline in templates
2022-03-23 18:47:09,332 - Velocimacro : allowInlineToOverride = false : VMs defined inline may NOT replace previous VM definitions
2022-03-23 18:47:09,333 - Velocimacro : allowInlineLocal = false : VMs defined inline will be  global in scope if allowed.
2022-03-23 18:47:09,333 - Velocimacro : messages on  : VM system will output logging messages
2022-03-23 18:47:09,333 - Velocimacro : autoload off  : VM system will not automatically reload global library macros
2022-03-23 18:47:09,333 - Velocimacro : initialization complete.
2022-03-23 18:47:09,333 - Velocity successfully started.
2022-03-23 18:51:35,264 - SimpleLog4JLogSystem initialized using logfile 'velocity.log'
2022-03-23 18:51:35,264 - ************************************************************** 
2022-03-23 18:51:35,264 - Starting Jakarta Velocity v1.4
2022-03-23 18:51:35,265 - RuntimeInstance initializing.
2022-03-23 18:51:35,265 - Default Properties File: org/apache/velocity/runtime/defaults/velocity.properties
2022-03-23 18:51:35,265 - Trying to use logger class org.apache.velocity.runtime.log.SimpleLog4JLogSystem
2022-03-23 18:51:35,265 - Using logger class org.apache.velocity.runtime.log.SimpleLog4JLogSystem
2022-03-23 18:51:35,266 - Default ResourceManager initializing. (class org.apache.velocity.runtime.resource.ResourceManagerImpl)
2022-03-23 18:51:35,266 - Resource Loader Instantiated: org.apache.velocity.runtime.resource.loader.ClasspathResourceLoader
2022-03-23 18:51:35,266 - ClasspathResourceLoader : initialization starting.
2022-03-23 18:51:35,266 - ClasspathResourceLoader : initialization complete.
2022-03-23 18:51:35,267 - ResourceCache : initialized. (class org.apache.velocity.runtime.resource.ResourceCacheImpl)
2022-03-23 18:51:35,267 - Default ResourceManager initialization complete.
2022-03-23 18:51:35,268 - Loaded System Directive: org.apache.velocity.runtime.directive.Literal
2022-03-23 18:51:35,268 - Loaded System Directive: org.apache.velocity.runtime.directive.Macro
2022-03-23 18:51:35,269 - Loaded System Directive: org.apache.velocity.runtime.directive.Parse
2022-03-23 18:51:35,269 - Loaded System Directive: org.apache.velocity.runtime.directive.Include
2022-03-23 18:51:35,270 - Loaded System Directive: org.apache.velocity.runtime.directive.Foreach
2022-03-23 18:51:35,281 - Created: 20 parsers.
2022-03-23 18:51:35,282 - Velocimacro : initialization starting.
2022-03-23 18:51:35,283 - Velocimacro : adding VMs from VM library template : VM_global_library.vm
2022-03-23 18:51:35,284 - ResourceManager : unable to find resource 'VM_global_library.vm' in any resource loader.
2022-03-23 18:51:35,284 - Velocimacro : error using  VM library template VM_global_library.vm : org.apache.velocity.exception.ResourceNotFoundException: Unable to find resource 'VM_global_library.vm'
2022-03-23 18:51:35,284 - Velocimacro :  VM library template macro registration complete.
2022-03-23 18:51:35,284 - Velocimacro : allowInline = true : VMs can be defined inline in templates
2022-03-23 18:51:35,284 - Velocimacro : allowInlineToOverride = false : VMs defined inline may NOT replace previous VM definitions
2022-03-23 18:51:35,284 - Velocimacro : allowInlineLocal = false : VMs defined inline will be  global in scope if allowed.
2022-03-23 18:51:35,284 - Velocimacro : messages on  : VM system will output logging messages
2022-03-23 18:51:35,284 - Velocimacro : autoload off  : VM system will not automatically reload global library macros
2022-03-23 18:51:35,285 - Velocimacro : initialization complete.
2022-03-23 18:51:35,285 - Velocity successfully started.
2022-03-23 18:52:09,994 - SimpleLog4JLogSystem initialized using logfile 'velocity.log'
2022-03-23 18:52:09,994 - ************************************************************** 
2022-03-23 18:52:09,994 - Starting Jakarta Velocity v1.4
2022-03-23 18:52:09,994 - RuntimeInstance initializing.
2022-03-23 18:52:09,994 - Default Properties File: org/apache/velocity/runtime/defaults/velocity.properties
2022-03-23 18:52:09,994 - Trying to use logger class org.apache.velocity.runtime.log.SimpleLog4JLogSystem
2022-03-23 18:52:09,994 - Using logger class org.apache.velocity.runtime.log.SimpleLog4JLogSystem
2022-03-23 18:52:09,995 - Default ResourceManager initializing. (class org.apache.velocity.runtime.resource.ResourceManagerImpl)
2022-03-23 18:52:09,996 - Resource Loader Instantiated: org.apache.velocity.runtime.resource.loader.ClasspathResourceLoader
2022-03-23 18:52:09,996 - ClasspathResourceLoader : initialization starting.
2022-03-23 18:52:09,997 - ClasspathResourceLoader : initialization complete.
2022-03-23 18:52:09,997 - ResourceCache : initialized. (class org.apache.velocity.runtime.resource.ResourceCacheImpl)
2022-03-23 18:52:09,997 - Default ResourceManager initialization complete.
2022-03-23 18:52:09,998 - Loaded System Directive: org.apache.velocity.runtime.directive.Literal
2022-03-23 18:52:09,998 - Loaded System Directive: org.apache.velocity.runtime.directive.Macro
2022-03-23 18:52:09,999 - Loaded System Directive: org.apache.velocity.runtime.directive.Parse
2022-03-23 18:52:10,000 - Loaded System Directive: org.apache.velocity.runtime.directive.Include
2022-03-23 18:52:10,000 - Loaded System Directive: org.apache.velocity.runtime.directive.Foreach
2022-03-23 18:52:10,012 - Created: 20 parsers.
2022-03-23 18:52:10,014 - Velocimacro : initialization starting.
2022-03-23 18:52:10,014 - Velocimacro : adding VMs from VM library template : VM_global_library.vm
2022-03-23 18:52:10,015 - ResourceManager : unable to find resource 'VM_global_library.vm' in any resource loader.
2022-03-23 18:52:10,015 - Velocimacro : error using  VM library template VM_global_library.vm : org.apache.velocity.exception.ResourceNotFoundException: Unable to find resource 'VM_global_library.vm'
2022-03-23 18:52:10,015 - Velocimacro :  VM library template macro registration complete.
2022-03-23 18:52:10,016 - Velocimacro : allowInline = true : VMs can be defined inline in templates
2022-03-23 18:52:10,016 - Velocimacro : allowInlineToOverride = false : VMs defined inline may NOT replace previous VM definitions
2022-03-23 18:52:10,016 - Velocimacro : allowInlineLocal = false : VMs defined inline will be  global in scope if allowed.
2022-03-23 18:52:10,016 - Velocimacro : messages on  : VM system will output logging messages
2022-03-23 18:52:10,016 - Velocimacro : autoload off  : VM system will not automatically reload global library macros
2022-03-23 18:52:10,016 - Velocimacro : initialization complete.
2022-03-23 18:52:10,016 - Velocity successfully started.
2022-03-23 18:52:35,646 - SimpleLog4JLogSystem initialized using logfile 'velocity.log'
2022-03-23 18:52:35,646 - ************************************************************** 
2022-03-23 18:52:35,646 - Starting Jakarta Velocity v1.4
2022-03-23 18:52:35,646 - RuntimeInstance initializing.
2022-03-23 18:52:35,646 - Default Properties File: org/apache/velocity/runtime/defaults/velocity.properties
2022-03-23 18:52:35,646 - Trying to use logger class org.apache.velocity.runtime.log.SimpleLog4JLogSystem
2022-03-23 18:52:35,646 - Using logger class org.apache.velocity.runtime.log.SimpleLog4JLogSystem
2022-03-23 18:52:35,648 - Default ResourceManager initializing. (class org.apache.velocity.runtime.resource.ResourceManagerImpl)
2022-03-23 18:52:35,649 - Resource Loader Instantiated: org.apache.velocity.runtime.resource.loader.ClasspathResourceLoader
2022-03-23 18:52:35,649 - ClasspathResourceLoader : initialization starting.
2022-03-23 18:52:35,649 - ClasspathResourceLoader : initialization complete.
2022-03-23 18:52:35,649 - ResourceCache : initialized. (class org.apache.velocity.runtime.resource.ResourceCacheImpl)
2022-03-23 18:52:35,649 - Default ResourceManager initialization complete.
2022-03-23 18:52:35,650 - Loaded System Directive: org.apache.velocity.runtime.directive.Literal
2022-03-23 18:52:35,651 - Loaded System Directive: org.apache.velocity.runtime.directive.Macro
2022-03-23 18:52:35,651 - Loaded System Directive: org.apache.velocity.runtime.directive.Parse
2022-03-23 18:52:35,652 - Loaded System Directive: org.apache.velocity.runtime.directive.Include
2022-03-23 18:52:35,652 - Loaded System Directive: org.apache.velocity.runtime.directive.Foreach
2022-03-23 18:52:35,664 - Created: 20 parsers.
2022-03-23 18:52:35,666 - Velocimacro : initialization starting.
2022-03-23 18:52:35,667 - Velocimacro : adding VMs from VM library template : VM_global_library.vm
2022-03-23 18:52:35,668 - ResourceManager : unable to find resource 'VM_global_library.vm' in any resource loader.
2022-03-23 18:52:35,668 - Velocimacro : error using  VM library template VM_global_library.vm : org.apache.velocity.exception.ResourceNotFoundException: Unable to find resource 'VM_global_library.vm'
2022-03-23 18:52:35,668 - Velocimacro :  VM library template macro registration complete.
2022-03-23 18:52:35,668 - Velocimacro : allowInline = true : VMs can be defined inline in templates
2022-03-23 18:52:35,668 - Velocimacro : allowInlineToOverride = false : VMs defined inline may NOT replace previous VM definitions
2022-03-23 18:52:35,668 - Velocimacro : allowInlineLocal = false : VMs defined inline will be  global in scope if allowed.
2022-03-23 18:52:35,668 - Velocimacro : messages on  : VM system will output logging messages
2022-03-23 18:52:35,668 - Velocimacro : autoload off  : VM system will not automatically reload global library macros
2022-03-23 18:52:35,668 - Velocimacro : initialization complete.
2022-03-23 18:52:35,668 - Velocity successfully started.
2022-03-23 18:53:28,363 - SimpleLog4JLogSystem initialized using logfile 'velocity.log'
2022-03-23 18:53:28,363 - ************************************************************** 
2022-03-23 18:53:28,363 - Starting Jakarta Velocity v1.4
2022-03-23 18:53:28,363 - RuntimeInstance initializing.
2022-03-23 18:53:28,363 - Default Properties File: org/apache/velocity/runtime/defaults/velocity.properties
2022-03-23 18:53:28,363 - Trying to use logger class org.apache.velocity.runtime.log.SimpleLog4JLogSystem
2022-03-23 18:53:28,363 - Using logger class org.apache.velocity.runtime.log.SimpleLog4JLogSystem
2022-03-23 18:53:28,365 - Default ResourceManager initializing. (class org.apache.velocity.runtime.resource.ResourceManagerImpl)
2022-03-23 18:53:28,366 - Resource Loader Instantiated: org.apache.velocity.runtime.resource.loader.ClasspathResourceLoader
2022-03-23 18:53:28,366 - ClasspathResourceLoader : initialization starting.
2022-03-23 18:53:28,366 - ClasspathResourceLoader : initialization complete.
2022-03-23 18:53:28,366 - ResourceCache : initialized. (class org.apache.velocity.runtime.resource.ResourceCacheImpl)
2022-03-23 18:53:28,367 - Default ResourceManager initialization complete.
2022-03-23 18:53:28,367 - Loaded System Directive: org.apache.velocity.runtime.directive.Literal
2022-03-23 18:53:28,368 - Loaded System Directive: org.apache.velocity.runtime.directive.Macro
2022-03-23 18:53:28,370 - Loaded System Directive: org.apache.velocity.runtime.directive.Parse
2022-03-23 18:53:28,371 - Loaded System Directive: org.apache.velocity.runtime.directive.Include
2022-03-23 18:53:28,371 - Loaded System Directive: org.apache.velocity.runtime.directive.Foreach
2022-03-23 18:53:28,387 - Created: 20 parsers.
2022-03-23 18:53:28,389 - Velocimacro : initialization starting.
2022-03-23 18:53:28,390 - Velocimacro : adding VMs from VM library template : VM_global_library.vm
2022-03-23 18:53:28,391 - ResourceManager : unable to find resource 'VM_global_library.vm' in any resource loader.
2022-03-23 18:53:28,391 - Velocimacro : error using  VM library template VM_global_library.vm : org.apache.velocity.exception.ResourceNotFoundException: Unable to find resource 'VM_global_library.vm'
2022-03-23 18:53:28,391 - Velocimacro :  VM library template macro registration complete.
2022-03-23 18:53:28,391 - Velocimacro : allowInline = true : VMs can be defined inline in templates
2022-03-23 18:53:28,391 - Velocimacro : allowInlineToOverride = false : VMs defined inline may NOT replace previous VM definitions
2022-03-23 18:53:28,391 - Velocimacro : allowInlineLocal = false : VMs defined inline will be  global in scope if allowed.
2022-03-23 18:53:28,391 - Velocimacro : messages on  : VM system will output logging messages
2022-03-23 18:53:28,391 - Velocimacro : autoload off  : VM system will not automatically reload global library macros
2022-03-23 18:53:28,392 - Velocimacro : initialization complete.
2022-03-23 18:53:28,392 - Velocity successfully started.
2022-03-23 18:56:27,711 - SimpleLog4JLogSystem initialized using logfile 'velocity.log'
2022-03-23 18:56:27,711 - ************************************************************** 
2022-03-23 18:56:27,711 - Starting Jakarta Velocity v1.4
2022-03-23 18:56:27,711 - RuntimeInstance initializing.
2022-03-23 18:56:27,711 - Default Properties File: org/apache/velocity/runtime/defaults/velocity.properties
2022-03-23 18:56:27,712 - Trying to use logger class org.apache.velocity.runtime.log.SimpleLog4JLogSystem
2022-03-23 18:56:27,712 - Using logger class org.apache.velocity.runtime.log.SimpleLog4JLogSystem
2022-03-23 18:56:27,713 - Default ResourceManager initializing. (class org.apache.velocity.runtime.resource.ResourceManagerImpl)
2022-03-23 18:56:27,714 - Resource Loader Instantiated: org.apache.velocity.runtime.resource.loader.ClasspathResourceLoader
2022-03-23 18:56:27,714 - ClasspathResourceLoader : initialization starting.
2022-03-23 18:56:27,714 - ClasspathResourceLoader : initialization complete.
2022-03-23 18:56:27,715 - ResourceCache : initialized. (class org.apache.velocity.runtime.resource.ResourceCacheImpl)
2022-03-23 18:56:27,715 - Default ResourceManager initialization complete.
2022-03-23 18:56:27,715 - Loaded System Directive: org.apache.velocity.runtime.directive.Literal
2022-03-23 18:56:27,716 - Loaded System Directive: org.apache.velocity.runtime.directive.Macro
2022-03-23 18:56:27,717 - Loaded System Directive: org.apache.velocity.runtime.directive.Parse
2022-03-23 18:56:27,718 - Loaded System Directive: org.apache.velocity.runtime.directive.Include
2022-03-23 18:56:27,718 - Loaded System Directive: org.apache.velocity.runtime.directive.Foreach
2022-03-23 18:56:27,734 - Created: 20 parsers.
2022-03-23 18:56:27,736 - Velocimacro : initialization starting.
2022-03-23 18:56:27,736 - Velocimacro : adding VMs from VM library template : VM_global_library.vm
2022-03-23 18:56:27,738 - ResourceManager : unable to find resource 'VM_global_library.vm' in any resource loader.
2022-03-23 18:56:27,738 - Velocimacro : error using  VM library template VM_global_library.vm : org.apache.velocity.exception.ResourceNotFoundException: Unable to find resource 'VM_global_library.vm'
2022-03-23 18:56:27,742 - Velocimacro :  VM library template macro registration complete.
2022-03-23 18:56:27,743 - Velocimacro : allowInline = true : VMs can be defined inline in templates
2022-03-23 18:56:27,743 - Velocimacro : allowInlineToOverride = false : VMs defined inline may NOT replace previous VM definitions
2022-03-23 18:56:27,743 - Velocimacro : allowInlineLocal = false : VMs defined inline will be  global in scope if allowed.
2022-03-23 18:56:27,743 - Velocimacro : messages on  : VM system will output logging messages
2022-03-23 18:56:27,743 - Velocimacro : autoload off  : VM system will not automatically reload global library macros
2022-03-23 18:56:27,743 - Velocimacro : initialization complete.
2022-03-23 18:56:27,743 - Velocity successfully started.
2022-03-23 19:59:48,283 - SimpleLog4JLogSystem initialized using logfile 'velocity.log'
2022-03-23 19:59:48,283 - ************************************************************** 
2022-03-23 19:59:48,283 - Starting Jakarta Velocity v1.4
2022-03-23 19:59:48,283 - RuntimeInstance initializing.
2022-03-23 19:59:48,284 - Default Properties File: org/apache/velocity/runtime/defaults/velocity.properties
2022-03-23 19:59:48,284 - Trying to use logger class org.apache.velocity.runtime.log.SimpleLog4JLogSystem
2022-03-23 19:59:48,284 - Using logger class org.apache.velocity.runtime.log.SimpleLog4JLogSystem
2022-03-23 19:59:48,285 - Default ResourceManager initializing. (class org.apache.velocity.runtime.resource.ResourceManagerImpl)
2022-03-23 19:59:48,286 - Resource Loader Instantiated: org.apache.velocity.runtime.resource.loader.ClasspathResourceLoader
2022-03-23 19:59:48,286 - ClasspathResourceLoader : initialization starting.
2022-03-23 19:59:48,286 - ClasspathResourceLoader : initialization complete.
2022-03-23 19:59:48,286 - ResourceCache : initialized. (class org.apache.velocity.runtime.resource.ResourceCacheImpl)
2022-03-23 19:59:48,287 - Default ResourceManager initialization complete.
2022-03-23 19:59:48,287 - Loaded System Directive: org.apache.velocity.runtime.directive.Literal
2022-03-23 19:59:48,288 - Loaded System Directive: org.apache.velocity.runtime.directive.Macro
2022-03-23 19:59:48,289 - Loaded System Directive: org.apache.velocity.runtime.directive.Parse
2022-03-23 19:59:48,290 - Loaded System Directive: org.apache.velocity.runtime.directive.Include
2022-03-23 19:59:48,291 - Loaded System Directive: org.apache.velocity.runtime.directive.Foreach
2022-03-23 19:59:48,306 - Created: 20 parsers.
2022-03-23 19:59:48,308 - Velocimacro : initialization starting.
2022-03-23 19:59:48,308 - Velocimacro : adding VMs from VM library template : VM_global_library.vm
2022-03-23 19:59:48,312 - ResourceManager : unable to find resource 'VM_global_library.vm' in any resource loader.
2022-03-23 19:59:48,313 - Velocimacro : error using  VM library template VM_global_library.vm : org.apache.velocity.exception.ResourceNotFoundException: Unable to find resource 'VM_global_library.vm'
2022-03-23 19:59:48,313 - Velocimacro :  VM library template macro registration complete.
2022-03-23 19:59:48,313 - Velocimacro : allowInline = true : VMs can be defined inline in templates
2022-03-23 19:59:48,313 - Velocimacro : allowInlineToOverride = false : VMs defined inline may NOT replace previous VM definitions
2022-03-23 19:59:48,313 - Velocimacro : allowInlineLocal = false : VMs defined inline will be  global in scope if allowed.
2022-03-23 19:59:48,313 - Velocimacro : messages on  : VM system will output logging messages
2022-03-23 19:59:48,313 - Velocimacro : autoload off  : VM system will not automatically reload global library macros
2022-03-23 19:59:48,313 - Velocimacro : initialization complete.
2022-03-23 19:59:48,313 - Velocity successfully started.
2022-03-23 20:05:18,026 - SimpleLog4JLogSystem initialized using logfile 'velocity.log'
2022-03-23 20:05:18,026 - ************************************************************** 
2022-03-23 20:05:18,026 - Starting Jakarta Velocity v1.4
2022-03-23 20:05:18,026 - RuntimeInstance initializing.
2022-03-23 20:05:18,026 - Default Properties File: org/apache/velocity/runtime/defaults/velocity.properties
2022-03-23 20:05:18,026 - Trying to use logger class org.apache.velocity.runtime.log.SimpleLog4JLogSystem
2022-03-23 20:05:18,026 - Using logger class org.apache.velocity.runtime.log.SimpleLog4JLogSystem
2022-03-23 20:05:18,027 - Default ResourceManager initializing. (class org.apache.velocity.runtime.resource.ResourceManagerImpl)
2022-03-23 20:05:18,028 - Resource Loader Instantiated: org.apache.velocity.runtime.resource.loader.ClasspathResourceLoader
2022-03-23 20:05:18,029 - ClasspathResourceLoader : initialization starting.
2022-03-23 20:05:18,029 - ClasspathResourceLoader : initialization complete.
2022-03-23 20:05:18,029 - ResourceCache : initialized. (class org.apache.velocity.runtime.resource.ResourceCacheImpl)
2022-03-23 20:05:18,029 - Default ResourceManager initialization complete.
2022-03-23 20:05:18,030 - Loaded System Directive: org.apache.velocity.runtime.directive.Literal
2022-03-23 20:05:18,030 - Loaded System Directive: org.apache.velocity.runtime.directive.Macro
2022-03-23 20:05:18,031 - Loaded System Directive: org.apache.velocity.runtime.directive.Parse
2022-03-23 20:05:18,032 - Loaded System Directive: org.apache.velocity.runtime.directive.Include
2022-03-23 20:05:18,033 - Loaded System Directive: org.apache.velocity.runtime.directive.Foreach
2022-03-23 20:05:18,050 - Created: 20 parsers.
2022-03-23 20:05:18,052 - Velocimacro : initialization starting.
2022-03-23 20:05:18,052 - Velocimacro : adding VMs from VM library template : VM_global_library.vm
2022-03-23 20:05:18,053 - ResourceManager : unable to find resource 'VM_global_library.vm' in any resource loader.
2022-03-23 20:05:18,053 - Velocimacro : error using  VM library template VM_global_library.vm : org.apache.velocity.exception.ResourceNotFoundException: Unable to find resource 'VM_global_library.vm'
2022-03-23 20:05:18,053 - Velocimacro :  VM library template macro registration complete.
2022-03-23 20:05:18,053 - Velocimacro : allowInline = true : VMs can be defined inline in templates
2022-03-23 20:05:18,053 - Velocimacro : allowInlineToOverride = false : VMs defined inline may NOT replace previous VM definitions
2022-03-23 20:05:18,053 - Velocimacro : allowInlineLocal = false : VMs defined inline will be  global in scope if allowed.
2022-03-23 20:05:18,053 - Velocimacro : messages on  : VM system will output logging messages
2022-03-23 20:05:18,053 - Velocimacro : autoload off  : VM system will not automatically reload global library macros
2022-03-23 20:05:18,053 - Velocimacro : initialization complete.
2022-03-23 20:05:18,054 - Velocity successfully started.
2022-03-23 20:08:13,503 - SimpleLog4JLogSystem initialized using logfile 'velocity.log'
2022-03-23 20:08:13,508 - ************************************************************** 
2022-03-23 20:08:13,508 - Starting Jakarta Velocity v1.4
2022-03-23 20:08:13,508 - RuntimeInstance initializing.
2022-03-23 20:08:13,508 - Default Properties File: org/apache/velocity/runtime/defaults/velocity.properties
2022-03-23 20:08:13,508 - Trying to use logger class org.apache.velocity.runtime.log.SimpleLog4JLogSystem
2022-03-23 20:08:13,508 - Using logger class org.apache.velocity.runtime.log.SimpleLog4JLogSystem
2022-03-23 20:08:13,509 - Default ResourceManager initializing. (class org.apache.velocity.runtime.resource.ResourceManagerImpl)
2022-03-23 20:08:13,510 - Resource Loader Instantiated: org.apache.velocity.runtime.resource.loader.ClasspathResourceLoader
2022-03-23 20:08:13,510 - ClasspathResourceLoader : initialization starting.
2022-03-23 20:08:13,510 - ClasspathResourceLoader : initialization complete.
2022-03-23 20:08:13,511 - ResourceCache : initialized. (class org.apache.velocity.runtime.resource.ResourceCacheImpl)
2022-03-23 20:08:13,511 - Default ResourceManager initialization complete.
2022-03-23 20:08:13,512 - Loaded System Directive: org.apache.velocity.runtime.directive.Literal
2022-03-23 20:08:13,513 - Loaded System Directive: org.apache.velocity.runtime.directive.Macro
2022-03-23 20:08:13,514 - Loaded System Directive: org.apache.velocity.runtime.directive.Parse
2022-03-23 20:08:13,515 - Loaded System Directive: org.apache.velocity.runtime.directive.Include
2022-03-23 20:08:13,516 - Loaded System Directive: org.apache.velocity.runtime.directive.Foreach
2022-03-23 20:08:13,539 - Created: 20 parsers.
2022-03-23 20:08:13,547 - Velocimacro : initialization starting.
2022-03-23 20:08:13,547 - Velocimacro : adding VMs from VM library template : VM_global_library.vm
2022-03-23 20:08:13,551 - ResourceManager : unable to find resource 'VM_global_library.vm' in any resource loader.
2022-03-23 20:08:13,551 - Velocimacro : error using  VM library template VM_global_library.vm : org.apache.velocity.exception.ResourceNotFoundException: Unable to find resource 'VM_global_library.vm'
2022-03-23 20:08:13,551 - Velocimacro :  VM library template macro registration complete.
2022-03-23 20:08:13,551 - Velocimacro : allowInline = true : VMs can be defined inline in templates
2022-03-23 20:08:13,551 - Velocimacro : allowInlineToOverride = false : VMs defined inline may NOT replace previous VM definitions
2022-03-23 20:08:13,551 - Velocimacro : allowInlineLocal = false : VMs defined inline will be  global in scope if allowed.
2022-03-23 20:08:13,551 - Velocimacro : messages on  : VM system will output logging messages
2022-03-23 20:08:13,551 - Velocimacro : autoload off  : VM system will not automatically reload global library macros
2022-03-23 20:08:13,552 - Velocimacro : initialization complete.
2022-03-23 20:08:13,552 - Velocity successfully started.
2022-03-24 15:11:21,728 - SimpleLog4JLogSystem initialized using logfile 'velocity.log'
2022-03-24 15:11:21,748 - ************************************************************** 
2022-03-24 15:11:21,748 - Starting Jakarta Velocity v1.4
2022-03-24 15:11:21,748 - RuntimeInstance initializing.
2022-03-24 15:11:21,749 - Default Properties File: org/apache/velocity/runtime/defaults/velocity.properties
2022-03-24 15:11:21,749 - Trying to use logger class org.apache.velocity.runtime.log.SimpleLog4JLogSystem
2022-03-24 15:11:21,749 - Using logger class org.apache.velocity.runtime.log.SimpleLog4JLogSystem
2022-03-24 15:11:21,750 - Default ResourceManager initializing. (class org.apache.velocity.runtime.resource.ResourceManagerImpl)
2022-03-24 15:11:21,751 - Resource Loader Instantiated: org.apache.velocity.runtime.resource.loader.ClasspathResourceLoader
2022-03-24 15:11:21,751 - ClasspathResourceLoader : initialization starting.
2022-03-24 15:11:21,751 - ClasspathResourceLoader : initialization complete.
2022-03-24 15:11:21,752 - ResourceCache : initialized. (class org.apache.velocity.runtime.resource.ResourceCacheImpl)
2022-03-24 15:11:21,752 - Default ResourceManager initialization complete.
2022-03-24 15:11:21,753 - Loaded System Directive: org.apache.velocity.runtime.directive.Literal
2022-03-24 15:11:21,754 - Loaded System Directive: org.apache.velocity.runtime.directive.Macro
2022-03-24 15:11:21,755 - Loaded System Directive: org.apache.velocity.runtime.directive.Parse
2022-03-24 15:11:21,756 - Loaded System Directive: org.apache.velocity.runtime.directive.Include
2022-03-24 15:11:21,757 - Loaded System Directive: org.apache.velocity.runtime.directive.Foreach
2022-03-24 15:11:21,778 - Created: 20 parsers.
2022-03-24 15:11:21,780 - Velocimacro : initialization starting.
2022-03-24 15:11:21,780 - Velocimacro : adding VMs from VM library template : VM_global_library.vm
2022-03-24 15:11:21,782 - ResourceManager : unable to find resource 'VM_global_library.vm' in any resource loader.
2022-03-24 15:11:21,782 - Velocimacro : error using  VM library template VM_global_library.vm : org.apache.velocity.exception.ResourceNotFoundException: Unable to find resource 'VM_global_library.vm'
2022-03-24 15:11:21,782 - Velocimacro :  VM library template macro registration complete.
2022-03-24 15:11:21,782 - Velocimacro : allowInline = true : VMs can be defined inline in templates
2022-03-24 15:11:21,782 - Velocimacro : allowInlineToOverride = false : VMs defined inline may NOT replace previous VM definitions
2022-03-24 15:11:21,783 - Velocimacro : allowInlineLocal = false : VMs defined inline will be  global in scope if allowed.
2022-03-24 15:11:21,783 - Velocimacro : messages on  : VM system will output logging messages
2022-03-24 15:11:21,783 - Velocimacro : autoload off  : VM system will not automatically reload global library macros
2022-03-24 15:11:21,783 - Velocimacro : initialization complete.
2022-03-24 15:11:21,783 - Velocity successfully started.
2022-03-24 15:16:36,256 - SimpleLog4JLogSystem initialized using logfile 'velocity.log'
2022-03-24 15:16:36,256 - ************************************************************** 
2022-03-24 15:16:36,256 - Starting Jakarta Velocity v1.4
2022-03-24 15:16:36,256 - RuntimeInstance initializing.
2022-03-24 15:16:36,256 - Default Properties File: org/apache/velocity/runtime/defaults/velocity.properties
2022-03-24 15:16:36,256 - Trying to use logger class org.apache.velocity.runtime.log.SimpleLog4JLogSystem
2022-03-24 15:16:36,256 - Using logger class org.apache.velocity.runtime.log.SimpleLog4JLogSystem
2022-03-24 15:16:36,257 - Default ResourceManager initializing. (class org.apache.velocity.runtime.resource.ResourceManagerImpl)
2022-03-24 15:16:36,258 - Resource Loader Instantiated: org.apache.velocity.runtime.resource.loader.ClasspathResourceLoader
2022-03-24 15:16:36,258 - ClasspathResourceLoader : initialization starting.
2022-03-24 15:16:36,258 - ClasspathResourceLoader : initialization complete.
2022-03-24 15:16:36,259 - ResourceCache : initialized. (class org.apache.velocity.runtime.resource.ResourceCacheImpl)
2022-03-24 15:16:36,259 - Default ResourceManager initialization complete.
2022-03-24 15:16:36,260 - Loaded System Directive: org.apache.velocity.runtime.directive.Literal
2022-03-24 15:16:36,261 - Loaded System Directive: org.apache.velocity.runtime.directive.Macro
2022-03-24 15:16:36,262 - Loaded System Directive: org.apache.velocity.runtime.directive.Parse
2022-03-24 15:16:36,263 - Loaded System Directive: org.apache.velocity.runtime.directive.Include
2022-03-24 15:16:36,264 - Loaded System Directive: org.apache.velocity.runtime.directive.Foreach
2022-03-24 15:16:36,276 - Created: 20 parsers.
2022-03-24 15:16:36,279 - Velocimacro : initialization starting.
2022-03-24 15:16:36,279 - Velocimacro : adding VMs from VM library template : VM_global_library.vm
2022-03-24 15:16:36,282 - ResourceManager : unable to find resource 'VM_global_library.vm' in any resource loader.
2022-03-24 15:16:36,283 - Velocimacro : error using  VM library template VM_global_library.vm : org.apache.velocity.exception.ResourceNotFoundException: Unable to find resource 'VM_global_library.vm'
2022-03-24 15:16:36,283 - Velocimacro :  VM library template macro registration complete.
2022-03-24 15:16:36,283 - Velocimacro : allowInline = true : VMs can be defined inline in templates
2022-03-24 15:16:36,283 - Velocimacro : allowInlineToOverride = false : VMs defined inline may NOT replace previous VM definitions
2022-03-24 15:16:36,283 - Velocimacro : allowInlineLocal = false : VMs defined inline will be  global in scope if allowed.
2022-03-24 15:16:36,283 - Velocimacro : messages on  : VM system will output logging messages
2022-03-24 15:16:36,283 - Velocimacro : autoload off  : VM system will not automatically reload global library macros
2022-03-24 15:16:36,283 - Velocimacro : initialization complete.
2022-03-24 15:16:36,283 - Velocity successfully started.
2022-03-24 15:23:26,936 - SimpleLog4JLogSystem initialized using logfile 'velocity.log'
2022-03-24 15:23:26,936 - ************************************************************** 
2022-03-24 15:23:26,936 - Starting Jakarta Velocity v1.4
2022-03-24 15:23:26,936 - RuntimeInstance initializing.
2022-03-24 15:23:26,936 - Default Properties File: org/apache/velocity/runtime/defaults/velocity.properties
2022-03-24 15:23:26,936 - Trying to use logger class org.apache.velocity.runtime.log.SimpleLog4JLogSystem
2022-03-24 15:23:26,936 - Using logger class org.apache.velocity.runtime.log.SimpleLog4JLogSystem
2022-03-24 15:23:26,938 - Default ResourceManager initializing. (class org.apache.velocity.runtime.resource.ResourceManagerImpl)
2022-03-24 15:23:26,939 - Resource Loader Instantiated: org.apache.velocity.runtime.resource.loader.ClasspathResourceLoader
2022-03-24 15:23:26,939 - ClasspathResourceLoader : initialization starting.
2022-03-24 15:23:26,939 - ClasspathResourceLoader : initialization complete.
2022-03-24 15:23:26,939 - ResourceCache : initialized. (class org.apache.velocity.runtime.resource.ResourceCacheImpl)
2022-03-24 15:23:26,939 - Default ResourceManager initialization complete.
2022-03-24 15:23:26,940 - Loaded System Directive: org.apache.velocity.runtime.directive.Literal
2022-03-24 15:23:26,941 - Loaded System Directive: org.apache.velocity.runtime.directive.Macro
2022-03-24 15:23:26,942 - Loaded System Directive: org.apache.velocity.runtime.directive.Parse
2022-03-24 15:23:26,943 - Loaded System Directive: org.apache.velocity.runtime.directive.Include
2022-03-24 15:23:26,943 - Loaded System Directive: org.apache.velocity.runtime.directive.Foreach
2022-03-24 15:23:26,956 - Created: 20 parsers.
2022-03-24 15:23:26,959 - Velocimacro : initialization starting.
2022-03-24 15:23:26,959 - Velocimacro : adding VMs from VM library template : VM_global_library.vm
2022-03-24 15:23:26,960 - ResourceManager : unable to find resource 'VM_global_library.vm' in any resource loader.
2022-03-24 15:23:26,961 - Velocimacro : error using  VM library template VM_global_library.vm : org.apache.velocity.exception.ResourceNotFoundException: Unable to find resource 'VM_global_library.vm'
2022-03-24 15:23:26,961 - Velocimacro :  VM library template macro registration complete.
2022-03-24 15:23:26,961 - Velocimacro : allowInline = true : VMs can be defined inline in templates
2022-03-24 15:23:26,961 - Velocimacro : allowInlineToOverride = false : VMs defined inline may NOT replace previous VM definitions
2022-03-24 15:23:26,961 - Velocimacro : allowInlineLocal = false : VMs defined inline will be  global in scope if allowed.
2022-03-24 15:23:26,961 - Velocimacro : messages on  : VM system will output logging messages
2022-03-24 15:23:26,961 - Velocimacro : autoload off  : VM system will not automatically reload global library macros
2022-03-24 15:23:26,961 - Velocimacro : initialization complete.
2022-03-24 15:23:26,961 - Velocity successfully started.
2022-03-24 15:23:50,605 - SimpleLog4JLogSystem initialized using logfile 'velocity.log'
2022-03-24 15:23:50,606 - ************************************************************** 
2022-03-24 15:23:50,606 - Starting Jakarta Velocity v1.4
2022-03-24 15:23:50,606 - RuntimeInstance initializing.
2022-03-24 15:23:50,606 - Default Properties File: org/apache/velocity/runtime/defaults/velocity.properties
2022-03-24 15:23:50,606 - Trying to use logger class org.apache.velocity.runtime.log.SimpleLog4JLogSystem
2022-03-24 15:23:50,606 - Using logger class org.apache.velocity.runtime.log.SimpleLog4JLogSystem
2022-03-24 15:23:50,607 - Default ResourceManager initializing. (class org.apache.velocity.runtime.resource.ResourceManagerImpl)
2022-03-24 15:23:50,608 - Resource Loader Instantiated: org.apache.velocity.runtime.resource.loader.ClasspathResourceLoader
2022-03-24 15:23:50,608 - ClasspathResourceLoader : initialization starting.
2022-03-24 15:23:50,608 - ClasspathResourceLoader : initialization complete.
2022-03-24 15:23:50,609 - ResourceCache : initialized. (class org.apache.velocity.runtime.resource.ResourceCacheImpl)
2022-03-24 15:23:50,609 - Default ResourceManager initialization complete.
2022-03-24 15:23:50,610 - Loaded System Directive: org.apache.velocity.runtime.directive.Literal
2022-03-24 15:23:50,610 - Loaded System Directive: org.apache.velocity.runtime.directive.Macro
2022-03-24 15:23:50,611 - Loaded System Directive: org.apache.velocity.runtime.directive.Parse
2022-03-24 15:23:50,612 - Loaded System Directive: org.apache.velocity.runtime.directive.Include
2022-03-24 15:23:50,613 - Loaded System Directive: org.apache.velocity.runtime.directive.Foreach
2022-03-24 15:23:50,627 - Created: 20 parsers.
2022-03-24 15:23:50,629 - Velocimacro : initialization starting.
2022-03-24 15:23:50,629 - Velocimacro : adding VMs from VM library template : VM_global_library.vm
2022-03-24 15:23:50,630 - ResourceManager : unable to find resource 'VM_global_library.vm' in any resource loader.
2022-03-24 15:23:50,631 - Velocimacro : error using  VM library template VM_global_library.vm : org.apache.velocity.exception.ResourceNotFoundException: Unable to find resource 'VM_global_library.vm'
2022-03-24 15:23:50,631 - Velocimacro :  VM library template macro registration complete.
2022-03-24 15:23:50,631 - Velocimacro : allowInline = true : VMs can be defined inline in templates
2022-03-24 15:23:50,631 - Velocimacro : allowInlineToOverride = false : VMs defined inline may NOT replace previous VM definitions
2022-03-24 15:23:50,631 - Velocimacro : allowInlineLocal = false : VMs defined inline will be  global in scope if allowed.
2022-03-24 15:23:50,631 - Velocimacro : messages on  : VM system will output logging messages
2022-03-24 15:23:50,631 - Velocimacro : autoload off  : VM system will not automatically reload global library macros
2022-03-24 15:23:50,631 - Velocimacro : initialization complete.
2022-03-24 15:23:50,631 - Velocity successfully started.
